This file contains any messages produced by compilers while
running configure, to aid debugging if configure makes a mistake.

It was created by configure, which was
generated by GNU Autoconf 2.64.  Invocation command line was

  $ ./configure --disable-option-checking --prefix=/usr/local --with-python --with-guile --program-transform-name=s&^&arm-none-eabi-& --build=x86_64-pc-linux-gnu --host=x86_64-pc-linux-gnu --target=arm-none-eabi build_alias=x86_64-pc-linux-gnu host_alias=x86_64-pc-linux-gnu target_alias=arm-none-eabi CC=gcc CFLAGS=-g -O2 LDFLAGS=-static-libstdc++ -static-libgcc  --cache-file=.././config.cache --srcdir=.

## --------- ##
## Platform. ##
## --------- ##

hostname = motodev-VirtualBox
uname -m = x86_64
uname -r = 4.4.0-42-generic
uname -s = Linux
uname -v = #62-Ubuntu SMP Fri Oct 7 23:11:45 UTC 2016

/usr/bin/uname -p = unknown
/bin/uname -X     = unknown

/bin/arch              = unknown
/usr/bin/arch -k       = unknown
/usr/convex/getsysinfo = unknown
/usr/bin/hostinfo      = unknown
/bin/machine           = unknown
/usr/bin/oslevel       = unknown
/bin/universe          = unknown

PATH: /home/motodev/bin
PATH: /home/motodev/.local/bin
PATH: /usr/local/sbin
PATH: /usr/local/bin
PATH: /usr/sbin
PATH: /usr/bin
PATH: /sbin
PATH: /bin
PATH: /usr/games
PATH: /usr/local/games
PATH: /snap/bin


## ----------- ##
## Core tests. ##
## ----------- ##

configure:2244: loading cache .././config.cache
configure:4156: checking for x86_64-pc-linux-gnu-gcc
configure:4183: result: gcc
configure:4452: checking for C compiler version
configure:4461: gcc --version >&5
gcc (Ubuntu 5.4.0-6ubuntu1~16.04.2) 5.4.0 20160609
Copyright (C) 2015 Free Software Foundation, Inc.
This is free software; see the source for copying conditions.  There is NO
warranty; not even for MERCHANTABILITY or FITNESS FOR A PARTICULAR PURPOSE.

configure:4472: $? = 0
configure:4461: gcc -v >&5
Using built-in specs.
COLLECT_GCC=gcc
COLLECT_LTO_WRAPPER=/usr/lib/gcc/x86_64-linux-gnu/5/lto-wrapper
Target: x86_64-linux-gnu
Configured with: ../src/configure -v --with-pkgversion='Ubuntu 5.4.0-6ubuntu1~16.04.2' --with-bugurl=file:///usr/share/doc/gcc-5/README.Bugs --enable-languages=c,ada,c++,java,go,d,fortran,objc,obj-c++ --prefix=/usr --program-suffix=-5 --enable-shared --enable-linker-build-id --libexecdir=/usr/lib --without-included-gettext --enable-threads=posix --libdir=/usr/lib --enable-nls --with-sysroot=/ --enable-clocale=gnu --enable-libstdcxx-debug --enable-libstdcxx-time=yes --with-default-libstdcxx-abi=new --enable-gnu-unique-object --disable-vtable-verify --enable-libmpx --enable-plugin --with-system-zlib --disable-browser-plugin --enable-java-awt=gtk --enable-gtk-cairo --with-java-home=/usr/lib/jvm/java-1.5.0-gcj-5-amd64/jre --enable-java-home --with-jvm-root-dir=/usr/lib/jvm/java-1.5.0-gcj-5-amd64 --with-jvm-jar-dir=/usr/lib/jvm-exports/java-1.5.0-gcj-5-amd64 --with-arch-directory=amd64 --with-ecj-jar=/usr/share/java/eclipse-ecj.jar --enable-objc-gc --enable-multiarch --disable-werror --with-arch-32=i686 --with-abi=m64 --with-multilib-list=m32,m64,mx32 --enable-multilib --with-tune=generic --enable-checking=release --build=x86_64-linux-gnu --host=x86_64-linux-gnu --target=x86_64-linux-gnu
Thread model: posix
gcc version 5.4.0 20160609 (Ubuntu 5.4.0-6ubuntu1~16.04.2) 
configure:4472: $? = 0
configure:4461: gcc -V >&5
gcc: error: unrecognized command line option '-V'
gcc: fatal error: no input files
compilation terminated.
configure:4472: $? = 1
configure:4461: gcc -qversion >&5
gcc: error: unrecognized command line option '-qversion'
gcc: fatal error: no input files
compilation terminated.
configure:4472: $? = 1
configure:4492: checking for C compiler default output file name
configure:4514: gcc -g -O2  -static-libstdc++ -static-libgcc  conftest.c  >&5
configure:4518: $? = 0
configure:4555: result: a.out
configure:4571: checking whether the C compiler works
configure:4580: ./a.out
configure:4584: $? = 0
configure:4599: result: yes
configure:4606: checking whether we are cross compiling
configure:4608: result: no
configure:4611: checking for suffix of executables
configure:4618: gcc -o conftest -g -O2  -static-libstdc++ -static-libgcc  conftest.c  >&5
configure:4622: $? = 0
configure:4644: result: 
configure:4650: checking for suffix of object files
configure:4697: result: o
configure:4701: checking whether we are using the GNU C compiler
configure:4729: result: yes
configure:4738: checking whether gcc accepts -g
configure:4799: result: yes
configure:4816: checking for gcc option to accept ISO C89
configure:4893: result: none needed
configure:4940: checking build system type
configure:4954: result: x86_64-pc-linux-gnu
configure:4974: checking host system type
configure:4987: result: x86_64-pc-linux-gnu
configure:5007: checking target system type
configure:5020: result: arm-none-eabi
configure:5052: checking how to run the C preprocessor
configure:5083: gcc -E  conftest.c
configure:5083: $? = 0
configure:5097: gcc -E  conftest.c
conftest.c:9:28: fatal error: ac_nonexistent.h: No such file or directory
compilation terminated.
configure:5097: $? = 1
configure: failed program was:
| /* confdefs.h */
| #define PACKAGE_NAME ""
| #define PACKAGE_TARNAME ""
| #define PACKAGE_VERSION ""
| #define PACKAGE_STRING ""
| #define PACKAGE_BUGREPORT ""
| #define PACKAGE_URL ""
| /* end confdefs.h.  */
| #include <ac_nonexistent.h>
configure:5122: result: gcc -E
configure:5142: gcc -E  conftest.c
configure:5142: $? = 0
configure:5156: gcc -E  conftest.c
conftest.c:9:28: fatal error: ac_nonexistent.h: No such file or directory
compilation terminated.
configure:5156: $? = 1
configure: failed program was:
| /* confdefs.h */
| #define PACKAGE_NAME ""
| #define PACKAGE_TARNAME ""
| #define PACKAGE_VERSION ""
| #define PACKAGE_STRING ""
| #define PACKAGE_BUGREPORT ""
| #define PACKAGE_URL ""
| /* end confdefs.h.  */
| #include <ac_nonexistent.h>
configure:5185: checking for grep that handles long lines and -e
configure:5243: result: /bin/grep
configure:5248: checking for egrep
configure:5310: result: /bin/grep -E
configure:5315: checking for ANSI C header files
configure:5335: gcc -c -g -O2  conftest.c >&5
configure:5335: $? = 0
configure:5408: gcc -o conftest -g -O2  -static-libstdc++ -static-libgcc  conftest.c  >&5
configure:5408: $? = 0
configure:5408: ./conftest
configure:5408: $? = 0
configure:5419: result: yes
configure:5432: checking for sys/types.h
configure:5432: gcc -c -g -O2  conftest.c >&5
configure:5432: $? = 0
configure:5432: result: yes
configure:5432: checking for sys/stat.h
configure:5432: gcc -c -g -O2  conftest.c >&5
configure:5432: $? = 0
configure:5432: result: yes
configure:5432: checking for stdlib.h
configure:5432: gcc -c -g -O2  conftest.c >&5
configure:5432: $? = 0
configure:5432: result: yes
configure:5432: checking for string.h
configure:5432: gcc -c -g -O2  conftest.c >&5
configure:5432: $? = 0
configure:5432: result: yes
configure:5432: checking for memory.h
configure:5432: gcc -c -g -O2  conftest.c >&5
configure:5432: $? = 0
configure:5432: result: yes
configure:5432: checking for strings.h
configure:5432: gcc -c -g -O2  conftest.c >&5
configure:5432: $? = 0
configure:5432: result: yes
configure:5432: checking for inttypes.h
configure:5432: gcc -c -g -O2  conftest.c >&5
configure:5432: $? = 0
configure:5432: result: yes
configure:5432: checking for stdint.h
configure:5432: gcc -c -g -O2  conftest.c >&5
configure:5432: $? = 0
configure:5432: result: yes
configure:5432: checking for unistd.h
configure:5432: gcc -c -g -O2  conftest.c >&5
configure:5432: $? = 0
configure:5432: result: yes
configure:5446: checking minix/config.h usability
configure:5446: gcc -c -g -O2  conftest.c >&5
conftest.c:52:26: fatal error: minix/config.h: No such file or directory
compilation terminated.
configure:5446: $? = 1
configure: failed program was:
| /* confdefs.h */
| #define PACKAGE_NAME ""
| #define PACKAGE_TARNAME ""
| #define PACKAGE_VERSION ""
| #define PACKAGE_STRING ""
| #define PACKAGE_BUGREPORT ""
| #define PACKAGE_URL ""
| #define STDC_HEADERS 1
| #define HAVE_SYS_TYPES_H 1
| #define HAVE_SYS_STAT_H 1
| #define HAVE_STDLIB_H 1
| #define HAVE_STRING_H 1
| #define HAVE_MEMORY_H 1
| #define HAVE_STRINGS_H 1
| #define HAVE_INTTYPES_H 1
| #define HAVE_STDINT_H 1
| #define HAVE_UNISTD_H 1
| /* end confdefs.h.  */
| #include <stdio.h>
| #ifdef HAVE_SYS_TYPES_H
| # include <sys/types.h>
| #endif
| #ifdef HAVE_SYS_STAT_H
| # include <sys/stat.h>
| #endif
| #ifdef STDC_HEADERS
| # include <stdlib.h>
| # include <stddef.h>
| #else
| # ifdef HAVE_STDLIB_H
| #  include <stdlib.h>
| # endif
| #endif
| #ifdef HAVE_STRING_H
| # if !defined STDC_HEADERS && defined HAVE_MEMORY_H
| #  include <memory.h>
| # endif
| # include <string.h>
| #endif
| #ifdef HAVE_STRINGS_H
| # include <strings.h>
| #endif
| #ifdef HAVE_INTTYPES_H
| # include <inttypes.h>
| #endif
| #ifdef HAVE_STDINT_H
| # include <stdint.h>
| #endif
| #ifdef HAVE_UNISTD_H
| # include <unistd.h>
| #endif
| #include <minix/config.h>
configure:5446: result: no
configure:5446: checking minix/config.h presence
configure:5446: gcc -E  conftest.c
conftest.c:19:26: fatal error: minix/config.h: No such file or directory
compilation terminated.
configure:5446: $? = 1
configure: failed program was:
| /* confdefs.h */
| #define PACKAGE_NAME ""
| #define PACKAGE_TARNAME ""
| #define PACKAGE_VERSION ""
| #define PACKAGE_STRING ""
| #define PACKAGE_BUGREPORT ""
| #define PACKAGE_URL ""
| #define STDC_HEADERS 1
| #define HAVE_SYS_TYPES_H 1
| #define HAVE_SYS_STAT_H 1
| #define HAVE_STDLIB_H 1
| #define HAVE_STRING_H 1
| #define HAVE_MEMORY_H 1
| #define HAVE_STRINGS_H 1
| #define HAVE_INTTYPES_H 1
| #define HAVE_STDINT_H 1
| #define HAVE_UNISTD_H 1
| /* end confdefs.h.  */
| #include <minix/config.h>
configure:5446: result: no
configure:5446: checking for minix/config.h
configure:5446: result: no
configure:5467: checking whether it is safe to define __EXTENSIONS__
configure:5485: gcc -c -g -O2  conftest.c >&5
configure:5485: $? = 0
configure:5492: result: yes
configure:5530: checking for a BSD-compatible install
configure:5598: result: /usr/bin/install -c
configure:5666: checking how to print strings
configure:5693: result: printf
configure:5714: checking for a sed that does not truncate output
configure:5778: result: /bin/sed
configure:5796: checking for fgrep
configure:5858: result: /bin/grep -F
configure:5893: checking for ld used by gcc
configure:5960: result: ld
configure:5967: checking if the linker (ld) is GNU ld
configure:5982: result: yes
configure:5994: checking for BSD- or MS-compatible name lister (nm)
configure:6043: result: nm
configure:6173: checking the name lister (nm) interface
configure:6180: gcc -c -g -O2  conftest.c >&5
configure:6183: nm "conftest.o"
configure:6186: output
0000000000000000 B some_variable
configure:6193: result: BSD nm
configure:6196: checking whether ln -s works
configure:6200: result: yes
configure:6208: checking the maximum length of command line arguments
configure:6333: result: 1572864
configure:6350: checking whether the shell understands some XSI constructs
configure:6360: result: yes
configure:6364: checking whether the shell understands "+="
configure:6370: result: yes
configure:6405: checking for ld option to reload object files
configure:6412: result: -r
configure:6441: checking for x86_64-pc-linux-gnu-objdump
configure:6468: result: objdump
configure:6540: checking how to recognize dependent libraries
configure:6741: result: pass_all
configure:6761: checking for x86_64-pc-linux-gnu-ar
configure:6788: result: ar
configure:6866: checking for x86_64-pc-linux-gnu-strip
configure:6896: result: no
configure:6906: checking for strip
configure:6922: found /usr/bin/strip
configure:6933: result: strip
configure:6965: checking for x86_64-pc-linux-gnu-ranlib
configure:6992: result: ranlib
configure:7109: checking for gawk
configure:7136: result: mawk
configure:7176: checking command to parse nm output from gcc object
configure:7294: gcc -c -g -O2  conftest.c >&5
configure:7297: $? = 0
configure:7301: nm conftest.o \| sed -n -e 's/^.*[ ]\([ABCDGIRSTW][ABCDGIRSTW]*\)[ ][ ]*\([_A-Za-z][_A-Za-z0-9]*\)$/\1 \2 \2/p' \> conftest.nm
configure:7304: $? = 0
configure:7358: gcc -o conftest -g -O2  -static-libstdc++ -static-libgcc  conftest.c conftstm.o >&5
configure:7361: $? = 0
configure:7399: result: ok
configure:7494: gcc -c -g -O2  conftest.c >&5
configure:7497: $? = 0
configure:8247: checking for dlfcn.h
configure:8247: gcc -c -g -O2  conftest.c >&5
configure:8247: $? = 0
configure:8247: result: yes
configure:8265: checking whether byte ordering is bigendian
configure:8280: gcc -c -g -O2  conftest.c >&5
conftest.c:26:9: error: unknown type name 'not'
         not a universal capable compiler
         ^
conftest.c:26:15: error: expected '=', ',', ';', 'asm' or '__attribute__' before 'universal'
         not a universal capable compiler
               ^
conftest.c:26:15: error: unknown type name 'universal'
configure:8280: $? = 1
configure: failed program was:
| /* confdefs.h */
| #define PACKAGE_NAME ""
| #define PACKAGE_TARNAME ""
| #define PACKAGE_VERSION ""
| #define PACKAGE_STRING ""
| #define PACKAGE_BUGREPORT ""
| #define PACKAGE_URL ""
| #define STDC_HEADERS 1
| #define HAVE_SYS_TYPES_H 1
| #define HAVE_SYS_STAT_H 1
| #define HAVE_STDLIB_H 1
| #define HAVE_STRING_H 1
| #define HAVE_MEMORY_H 1
| #define HAVE_STRINGS_H 1
| #define HAVE_INTTYPES_H 1
| #define HAVE_STDINT_H 1
| #define HAVE_UNISTD_H 1
| #define __EXTENSIONS__ 1
| #define _ALL_SOURCE 1
| #define _GNU_SOURCE 1
| #define _POSIX_PTHREAD_SEMANTICS 1
| #define _TANDEM_SOURCE 1
| #define HAVE_DLFCN_H 1
| /* end confdefs.h.  */
| #ifndef __APPLE_CC__
| 	       not a universal capable compiler
| 	     #endif
| 	     typedef int dummy;
| 
configure:8325: gcc -c -g -O2  conftest.c >&5
configure:8325: $? = 0
configure:8343: gcc -c -g -O2  conftest.c >&5
conftest.c: In function 'main':
conftest.c:32:4: error: unknown type name 'not'
    not big endian
    ^
conftest.c:32:12: error: expected '=', ',', ';', 'asm' or '__attribute__' before 'endian'
    not big endian
            ^
configure:8343: $? = 1
configure: failed program was:
| /* confdefs.h */
| #define PACKAGE_NAME ""
| #define PACKAGE_TARNAME ""
| #define PACKAGE_VERSION ""
| #define PACKAGE_STRING ""
| #define PACKAGE_BUGREPORT ""
| #define PACKAGE_URL ""
| #define STDC_HEADERS 1
| #define HAVE_SYS_TYPES_H 1
| #define HAVE_SYS_STAT_H 1
| #define HAVE_STDLIB_H 1
| #define HAVE_STRING_H 1
| #define HAVE_MEMORY_H 1
| #define HAVE_STRINGS_H 1
| #define HAVE_INTTYPES_H 1
| #define HAVE_STDINT_H 1
| #define HAVE_UNISTD_H 1
| #define __EXTENSIONS__ 1
| #define _ALL_SOURCE 1
| #define _GNU_SOURCE 1
| #define _POSIX_PTHREAD_SEMANTICS 1
| #define _TANDEM_SOURCE 1
| #define HAVE_DLFCN_H 1
| /* end confdefs.h.  */
| #include <sys/types.h>
| 		#include <sys/param.h>
| 
| int
| main ()
| {
| #if BYTE_ORDER != BIG_ENDIAN
| 		 not big endian
| 		#endif
| 
|   ;
|   return 0;
| }
configure:8471: result: no
configure:8507: checking for x86_64-pc-linux-gnu-ranlib
configure:8534: result: ranlib
configure:8615: checking dependency style of gcc
configure:8646: trying gcc3
| depmode=gcc3 source=sub/conftest.c object=sub/conftest.o depfile=sub/conftest.Po tmpdepfile=sub/conftest.TPo /bin/bash ./depcomp gcc -c -o sub/conftest.o sub/conftest.c
configure:8685: success
configure:8700: result: gcc3
configure:8714: checking for make
configure:8741: result: make
configure:8781: checking whether NLS is requested
configure:8787: result: yes
configure:8793: checking for catalogs to be installed
configure:8825: result: 
configure:8845: checking for stdlib.h
configure:8845: result: yes
configure:8845: checking for string.h
configure:8845: result: yes
configure:8845: checking for strings.h
configure:8845: result: yes
configure:8845: checking for unistd.h
configure:8845: result: yes
configure:8845: checking time.h usability
configure:8845: gcc -c -g -O2  conftest.c >&5
configure:8845: $? = 0
configure:8845: result: yes
configure:8845: checking time.h presence
configure:8845: gcc -E  conftest.c
configure:8845: $? = 0
configure:8845: result: yes
configure:8845: checking for time.h
configure:8845: result: yes
configure:8859: checking sys/time.h usability
configure:8859: gcc -c -g -O2  conftest.c >&5
configure:8859: $? = 0
configure:8859: result: yes
configure:8859: checking sys/time.h presence
configure:8859: gcc -E  conftest.c
configure:8859: $? = 0
configure:8859: result: yes
configure:8859: checking for sys/time.h
configure:8859: result: yes
configure:8859: checking sys/times.h usability
configure:8859: gcc -c -g -O2  conftest.c >&5
configure:8859: $? = 0
configure:8859: result: yes
configure:8859: checking sys/times.h presence
configure:8859: gcc -E  conftest.c
configure:8859: $? = 0
configure:8859: result: yes
configure:8859: checking for sys/times.h
configure:8859: result: yes
configure:8859: checking sys/resource.h usability
configure:8859: gcc -c -g -O2  conftest.c >&5
configure:8859: $? = 0
configure:8859: result: yes
configure:8859: checking sys/resource.h presence
configure:8859: gcc -E  conftest.c
configure:8859: $? = 0
configure:8859: result: yes
configure:8859: checking for sys/resource.h
configure:8859: result: yes
configure:8859: checking sys/mman.h usability
configure:8859: gcc -c -g -O2  conftest.c >&5
configure:8859: $? = 0
configure:8859: result: yes
configure:8859: checking sys/mman.h presence
configure:8859: gcc -E  conftest.c
configure:8859: $? = 0
configure:8859: result: yes
configure:8859: checking for sys/mman.h
configure:8859: result: yes
configure:8873: checking fcntl.h usability
configure:8873: gcc -c -g -O2  conftest.c >&5
configure:8873: $? = 0
configure:8873: result: yes
configure:8873: checking fcntl.h presence
configure:8873: gcc -E  conftest.c
configure:8873: $? = 0
configure:8873: result: yes
configure:8873: checking for fcntl.h
configure:8873: result: yes
configure:8873: checking fpu_control.h usability
configure:8873: gcc -c -g -O2  conftest.c >&5
configure:8873: $? = 0
configure:8873: result: yes
configure:8873: checking fpu_control.h presence
configure:8873: gcc -E  conftest.c
configure:8873: $? = 0
configure:8873: result: yes
configure:8873: checking for fpu_control.h
configure:8873: result: yes
configure:8887: checking for dlfcn.h
configure:8887: result: yes
configure:8887: checking errno.h usability
configure:8887: gcc -c -g -O2  conftest.c >&5
configure:8887: $? = 0
configure:8887: result: yes
configure:8887: checking errno.h presence
configure:8887: gcc -E  conftest.c
configure:8887: $? = 0
configure:8887: result: yes
configure:8887: checking for errno.h
configure:8887: result: yes
configure:8887: checking for sys/stat.h
configure:8887: result: yes
configure:8901: checking for getrusage
configure:8901: gcc -o conftest -g -O2  -static-libstdc++ -static-libgcc  conftest.c  >&5
configure:8901: $? = 0
configure:8901: result: yes
configure:8901: checking for time
configure:8901: gcc -o conftest -g -O2  -static-libstdc++ -static-libgcc  conftest.c  >&5
configure:8901: $? = 0
configure:8901: result: yes
configure:8901: checking for sigaction
configure:8901: gcc -o conftest -g -O2  -static-libstdc++ -static-libgcc  conftest.c  >&5
configure:8901: $? = 0
configure:8901: result: yes
configure:8901: checking for __setfpucw
configure:8901: gcc -o conftest -g -O2  -static-libstdc++ -static-libgcc  conftest.c  >&5
/tmp/cc09TE6K.o: In function `main':
/home/motodev/moto-dev/gdb-7.11/sim/arm/conftest.c:78: undefined reference to `__setfpucw'
collect2: error: ld returned 1 exit status
configure:8901: $? = 1
configure: failed program was:
| /* confdefs.h */
| #define PACKAGE_NAME ""
| #define PACKAGE_TARNAME ""
| #define PACKAGE_VERSION ""
| #define PACKAGE_STRING ""
| #define PACKAGE_BUGREPORT ""
| #define PACKAGE_URL ""
| #define STDC_HEADERS 1
| #define HAVE_SYS_TYPES_H 1
| #define HAVE_SYS_STAT_H 1
| #define HAVE_STDLIB_H 1
| #define HAVE_STRING_H 1
| #define HAVE_MEMORY_H 1
| #define HAVE_STRINGS_H 1
| #define HAVE_INTTYPES_H 1
| #define HAVE_STDINT_H 1
| #define HAVE_UNISTD_H 1
| #define __EXTENSIONS__ 1
| #define _ALL_SOURCE 1
| #define _GNU_SOURCE 1
| #define _POSIX_PTHREAD_SEMANTICS 1
| #define _TANDEM_SOURCE 1
| #define HAVE_DLFCN_H 1
| #define PACKAGE "sim"
| #define ENABLE_NLS 1
| #define HAVE_STDLIB_H 1
| #define HAVE_STRING_H 1
| #define HAVE_STRINGS_H 1
| #define HAVE_UNISTD_H 1
| #define HAVE_TIME_H 1
| #define HAVE_SYS_TIME_H 1
| #define HAVE_SYS_TIMES_H 1
| #define HAVE_SYS_RESOURCE_H 1
| #define HAVE_SYS_MMAN_H 1
| #define HAVE_FCNTL_H 1
| #define HAVE_FPU_CONTROL_H 1
| #define HAVE_DLFCN_H 1
| #define HAVE_ERRNO_H 1
| #define HAVE_SYS_STAT_H 1
| #define HAVE_GETRUSAGE 1
| #define HAVE_TIME 1
| #define HAVE_SIGACTION 1
| /* end confdefs.h.  */
| /* Define __setfpucw to an innocuous variant, in case <limits.h> declares __setfpucw.
|    For example, HP-UX 11i <limits.h> declares gettimeofday.  */
| #define __setfpucw innocuous___setfpucw
| 
| /* System header to define __stub macros and hopefully few prototypes,
|     which can conflict with char __setfpucw (); below.
|     Prefer <limits.h> to <assert.h> if __STDC__ is defined, since
|     <limits.h> exists even on freestanding compilers.  */
| 
| #ifdef __STDC__
| # include <limits.h>
| #else
| # include <assert.h>
| #endif
| 
| #undef __setfpucw
| 
| /* Override any GCC internal prototype to avoid an error.
|    Use char because int might match the return type of a GCC
|    builtin and then its argument prototype would still apply.  */
| #ifdef __cplusplus
| extern "C"
| #endif
| char __setfpucw ();
| /* The GNU C library defines this for functions which it implements
|     to always fail with ENOSYS.  Some functions are actually named
|     something starting with __ and the normal name is an alias.  */
| #if defined __stub___setfpucw || defined __stub_____setfpucw
| choke me
| #endif
| 
| int
| main ()
| {
| return __setfpucw ();
|   ;
|   return 0;
| }
configure:8901: result: no
configure:8914: checking for mmap
configure:8914: gcc -o conftest -g -O2  -static-libstdc++ -static-libgcc  conftest.c  >&5
configure:8914: $? = 0
configure:8914: result: yes
configure:8914: checking for munmap
configure:8914: gcc -o conftest -g -O2  -static-libstdc++ -static-libgcc  conftest.c  >&5
configure:8914: $? = 0
configure:8914: result: yes
configure:8914: checking for lstat
configure:8914: gcc -o conftest -g -O2  -static-libstdc++ -static-libgcc  conftest.c  >&5
configure:8914: $? = 0
configure:8914: result: yes
configure:8914: checking for truncate
configure:8914: gcc -o conftest -g -O2  -static-libstdc++ -static-libgcc  conftest.c  >&5
configure:8914: $? = 0
configure:8914: result: yes
configure:8914: checking for ftruncate
configure:8914: gcc -o conftest -g -O2  -static-libstdc++ -static-libgcc  conftest.c  >&5
configure:8914: $? = 0
configure:8914: result: yes
configure:8914: checking for posix_fallocate
configure:8914: gcc -o conftest -g -O2  -static-libstdc++ -static-libgcc  conftest.c  >&5
configure:8914: $? = 0
configure:8914: result: yes
configure:8924: checking for struct stat.st_dev
configure:8924: gcc -c -g -O2  conftest.c >&5
configure:8924: $? = 0
configure:8924: result: yes
configure:8939: checking for struct stat.st_ino
configure:8939: gcc -c -g -O2  conftest.c >&5
configure:8939: $? = 0
configure:8939: result: yes
configure:8954: checking for struct stat.st_mode
configure:8954: gcc -c -g -O2  conftest.c >&5
configure:8954: $? = 0
configure:8954: result: yes
configure:8969: checking for struct stat.st_nlink
configure:8969: gcc -c -g -O2  conftest.c >&5
configure:8969: $? = 0
configure:8969: result: yes
configure:8984: checking for struct stat.st_uid
configure:8984: gcc -c -g -O2  conftest.c >&5
configure:8984: $? = 0
configure:8984: result: yes
configure:8999: checking for struct stat.st_gid
configure:8999: gcc -c -g -O2  conftest.c >&5
configure:8999: $? = 0
configure:8999: result: yes
configure:9014: checking for struct stat.st_rdev
configure:9014: gcc -c -g -O2  conftest.c >&5
configure:9014: $? = 0
configure:9014: result: yes
configure:9029: checking for struct stat.st_size
configure:9029: gcc -c -g -O2  conftest.c >&5
configure:9029: $? = 0
configure:9029: result: yes
configure:9044: checking for struct stat.st_blksize
configure:9044: gcc -c -g -O2  conftest.c >&5
configure:9044: $? = 0
configure:9044: result: yes
configure:9059: checking for struct stat.st_blocks
configure:9059: gcc -c -g -O2  conftest.c >&5
configure:9059: $? = 0
configure:9059: result: yes
configure:9074: checking for struct stat.st_atime
configure:9074: gcc -c -g -O2  conftest.c >&5
configure:9074: $? = 0
configure:9074: result: yes
configure:9089: checking for struct stat.st_mtime
configure:9089: gcc -c -g -O2  conftest.c >&5
configure:9089: $? = 0
configure:9089: result: yes
configure:9104: checking for struct stat.st_ctime
configure:9104: gcc -c -g -O2  conftest.c >&5
configure:9104: $? = 0
configure:9104: result: yes
configure:9120: checking for socklen_t
configure:9120: gcc -c -g -O2  conftest.c >&5
configure:9120: $? = 0
configure:9120: gcc -c -g -O2  conftest.c >&5
conftest.c: In function 'main':
conftest.c:70:24: error: expected expression before ')' token
 if (sizeof ((socklen_t)))
                        ^
configure:9120: $? = 1
configure: failed program was:
| /* confdefs.h */
| #define PACKAGE_NAME ""
| #define PACKAGE_TARNAME ""
| #define PACKAGE_VERSION ""
| #define PACKAGE_STRING ""
| #define PACKAGE_BUGREPORT ""
| #define PACKAGE_URL ""
| #define STDC_HEADERS 1
| #define HAVE_SYS_TYPES_H 1
| #define HAVE_SYS_STAT_H 1
| #define HAVE_STDLIB_H 1
| #define HAVE_STRING_H 1
| #define HAVE_MEMORY_H 1
| #define HAVE_STRINGS_H 1
| #define HAVE_INTTYPES_H 1
| #define HAVE_STDINT_H 1
| #define HAVE_UNISTD_H 1
| #define __EXTENSIONS__ 1
| #define _ALL_SOURCE 1
| #define _GNU_SOURCE 1
| #define _POSIX_PTHREAD_SEMANTICS 1
| #define _TANDEM_SOURCE 1
| #define HAVE_DLFCN_H 1
| #define PACKAGE "sim"
| #define ENABLE_NLS 1
| #define HAVE_STDLIB_H 1
| #define HAVE_STRING_H 1
| #define HAVE_STRINGS_H 1
| #define HAVE_UNISTD_H 1
| #define HAVE_TIME_H 1
| #define HAVE_SYS_TIME_H 1
| #define HAVE_SYS_TIMES_H 1
| #define HAVE_SYS_RESOURCE_H 1
| #define HAVE_SYS_MMAN_H 1
| #define HAVE_FCNTL_H 1
| #define HAVE_FPU_CONTROL_H 1
| #define HAVE_DLFCN_H 1
| #define HAVE_ERRNO_H 1
| #define HAVE_SYS_STAT_H 1
| #define HAVE_GETRUSAGE 1
| #define HAVE_TIME 1
| #define HAVE_SIGACTION 1
| #define HAVE_MMAP 1
| #define HAVE_MUNMAP 1
| #define HAVE_LSTAT 1
| #define HAVE_TRUNCATE 1
| #define HAVE_FTRUNCATE 1
| #define HAVE_POSIX_FALLOCATE 1
| #define HAVE_STRUCT_STAT_ST_DEV 1
| #define HAVE_STRUCT_STAT_ST_INO 1
| #define HAVE_STRUCT_STAT_ST_MODE 1
| #define HAVE_STRUCT_STAT_ST_NLINK 1
| #define HAVE_STRUCT_STAT_ST_UID 1
| #define HAVE_STRUCT_STAT_ST_GID 1
| #define HAVE_STRUCT_STAT_ST_RDEV 1
| #define HAVE_STRUCT_STAT_ST_SIZE 1
| #define HAVE_STRUCT_STAT_ST_BLKSIZE 1
| #define HAVE_STRUCT_STAT_ST_BLOCKS 1
| #define HAVE_STRUCT_STAT_ST_ATIME 1
| #define HAVE_STRUCT_STAT_ST_MTIME 1
| #define HAVE_STRUCT_STAT_ST_CTIME 1
| /* end confdefs.h.  */
| #include <sys/types.h>
| #include <sys/socket.h>
| 
| 
| int
| main ()
| {
| if (sizeof ((socklen_t)))
| 	    return 0;
|   ;
|   return 0;
| }
configure:9120: result: yes
configure:9135: checking for bind in -lsocket
configure:9160: gcc -o conftest -g -O2  -static-libstdc++ -static-libgcc  conftest.c -lsocket   >&5
/usr/bin/ld: cannot find -lsocket
collect2: error: ld returned 1 exit status
configure:9160: $? = 1
configure: failed program was:
| /* confdefs.h */
| #define PACKAGE_NAME ""
| #define PACKAGE_TARNAME ""
| #define PACKAGE_VERSION ""
| #define PACKAGE_STRING ""
| #define PACKAGE_BUGREPORT ""
| #define PACKAGE_URL ""
| #define STDC_HEADERS 1
| #define HAVE_SYS_TYPES_H 1
| #define HAVE_SYS_STAT_H 1
| #define HAVE_STDLIB_H 1
| #define HAVE_STRING_H 1
| #define HAVE_MEMORY_H 1
| #define HAVE_STRINGS_H 1
| #define HAVE_INTTYPES_H 1
| #define HAVE_STDINT_H 1
| #define HAVE_UNISTD_H 1
| #define __EXTENSIONS__ 1
| #define _ALL_SOURCE 1
| #define _GNU_SOURCE 1
| #define _POSIX_PTHREAD_SEMANTICS 1
| #define _TANDEM_SOURCE 1
| #define HAVE_DLFCN_H 1
| #define PACKAGE "sim"
| #define ENABLE_NLS 1
| #define HAVE_STDLIB_H 1
| #define HAVE_STRING_H 1
| #define HAVE_STRINGS_H 1
| #define HAVE_UNISTD_H 1
| #define HAVE_TIME_H 1
| #define HAVE_SYS_TIME_H 1
| #define HAVE_SYS_TIMES_H 1
| #define HAVE_SYS_RESOURCE_H 1
| #define HAVE_SYS_MMAN_H 1
| #define HAVE_FCNTL_H 1
| #define HAVE_FPU_CONTROL_H 1
| #define HAVE_DLFCN_H 1
| #define HAVE_ERRNO_H 1
| #define HAVE_SYS_STAT_H 1
| #define HAVE_GETRUSAGE 1
| #define HAVE_TIME 1
| #define HAVE_SIGACTION 1
| #define HAVE_MMAP 1
| #define HAVE_MUNMAP 1
| #define HAVE_LSTAT 1
| #define HAVE_TRUNCATE 1
| #define HAVE_FTRUNCATE 1
| #define HAVE_POSIX_FALLOCATE 1
| #define HAVE_STRUCT_STAT_ST_DEV 1
| #define HAVE_STRUCT_STAT_ST_INO 1
| #define HAVE_STRUCT_STAT_ST_MODE 1
| #define HAVE_STRUCT_STAT_ST_NLINK 1
| #define HAVE_STRUCT_STAT_ST_UID 1
| #define HAVE_STRUCT_STAT_ST_GID 1
| #define HAVE_STRUCT_STAT_ST_RDEV 1
| #define HAVE_STRUCT_STAT_ST_SIZE 1
| #define HAVE_STRUCT_STAT_ST_BLKSIZE 1
| #define HAVE_STRUCT_STAT_ST_BLOCKS 1
| #define HAVE_STRUCT_STAT_ST_ATIME 1
| #define HAVE_STRUCT_STAT_ST_MTIME 1
| #define HAVE_STRUCT_STAT_ST_CTIME 1
| #define HAVE_SOCKLEN_T 1
| /* end confdefs.h.  */
| 
| /* Override any GCC internal prototype to avoid an error.
|    Use char because int might match the return type of a GCC
|    builtin and then its argument prototype would still apply.  */
| #ifdef __cplusplus
| extern "C"
| #endif
| char bind ();
| int
| main ()
| {
| return bind ();
|   ;
|   return 0;
| }
configure:9169: result: no
configure:9180: checking for gethostbyname in -lnsl
configure:9205: gcc -o conftest -g -O2  -static-libstdc++ -static-libgcc  conftest.c -lnsl   >&5
configure:9205: $? = 0
configure:9214: result: yes
configure:9251: checking for dlfcn.h
configure:9251: result: yes
configure:9264: checking for windows.h
configure:9264: gcc -c -g -O2  conftest.c >&5
conftest.c:100:21: fatal error: windows.h: No such file or directory
compilation terminated.
configure:9264: $? = 1
configure: failed program was:
| /* confdefs.h */
| #define PACKAGE_NAME ""
| #define PACKAGE_TARNAME ""
| #define PACKAGE_VERSION ""
| #define PACKAGE_STRING ""
| #define PACKAGE_BUGREPORT ""
| #define PACKAGE_URL ""
| #define STDC_HEADERS 1
| #define HAVE_SYS_TYPES_H 1
| #define HAVE_SYS_STAT_H 1
| #define HAVE_STDLIB_H 1
| #define HAVE_STRING_H 1
| #define HAVE_MEMORY_H 1
| #define HAVE_STRINGS_H 1
| #define HAVE_INTTYPES_H 1
| #define HAVE_STDINT_H 1
| #define HAVE_UNISTD_H 1
| #define __EXTENSIONS__ 1
| #define _ALL_SOURCE 1
| #define _GNU_SOURCE 1
| #define _POSIX_PTHREAD_SEMANTICS 1
| #define _TANDEM_SOURCE 1
| #define HAVE_DLFCN_H 1
| #define PACKAGE "sim"
| #define ENABLE_NLS 1
| #define HAVE_STDLIB_H 1
| #define HAVE_STRING_H 1
| #define HAVE_STRINGS_H 1
| #define HAVE_UNISTD_H 1
| #define HAVE_TIME_H 1
| #define HAVE_SYS_TIME_H 1
| #define HAVE_SYS_TIMES_H 1
| #define HAVE_SYS_RESOURCE_H 1
| #define HAVE_SYS_MMAN_H 1
| #define HAVE_FCNTL_H 1
| #define HAVE_FPU_CONTROL_H 1
| #define HAVE_DLFCN_H 1
| #define HAVE_ERRNO_H 1
| #define HAVE_SYS_STAT_H 1
| #define HAVE_GETRUSAGE 1
| #define HAVE_TIME 1
| #define HAVE_SIGACTION 1
| #define HAVE_MMAP 1
| #define HAVE_MUNMAP 1
| #define HAVE_LSTAT 1
| #define HAVE_TRUNCATE 1
| #define HAVE_FTRUNCATE 1
| #define HAVE_POSIX_FALLOCATE 1
| #define HAVE_STRUCT_STAT_ST_DEV 1
| #define HAVE_STRUCT_STAT_ST_INO 1
| #define HAVE_STRUCT_STAT_ST_MODE 1
| #define HAVE_STRUCT_STAT_ST_NLINK 1
| #define HAVE_STRUCT_STAT_ST_UID 1
| #define HAVE_STRUCT_STAT_ST_GID 1
| #define HAVE_STRUCT_STAT_ST_RDEV 1
| #define HAVE_STRUCT_STAT_ST_SIZE 1
| #define HAVE_STRUCT_STAT_ST_BLKSIZE 1
| #define HAVE_STRUCT_STAT_ST_BLOCKS 1
| #define HAVE_STRUCT_STAT_ST_ATIME 1
| #define HAVE_STRUCT_STAT_ST_MTIME 1
| #define HAVE_STRUCT_STAT_ST_CTIME 1
| #define HAVE_SOCKLEN_T 1
| #define HAVE_LIBNSL 1
| #define HAVE_DLFCN_H 1
| /* end confdefs.h.  */
| #include <stdio.h>
| #ifdef HAVE_SYS_TYPES_H
| # include <sys/types.h>
| #endif
| #ifdef HAVE_SYS_STAT_H
| # include <sys/stat.h>
| #endif
| #ifdef STDC_HEADERS
| # include <stdlib.h>
| # include <stddef.h>
| #else
| # ifdef HAVE_STDLIB_H
| #  include <stdlib.h>
| # endif
| #endif
| #ifdef HAVE_STRING_H
| # if !defined STDC_HEADERS && defined HAVE_MEMORY_H
| #  include <memory.h>
| # endif
| # include <string.h>
| #endif
| #ifdef HAVE_STRINGS_H
| # include <strings.h>
| #endif
| #ifdef HAVE_INTTYPES_H
| # include <inttypes.h>
| #endif
| #ifdef HAVE_STDINT_H
| # include <stdint.h>
| #endif
| #ifdef HAVE_UNISTD_H
| # include <unistd.h>
| #endif
| 
| #include <windows.h>
configure:9264: result: no
configure:9291: checking for library containing dlopen
configure:9322: gcc -o conftest -g -O2  -static-libstdc++ -static-libgcc  conftest.c -lnsl  >&5
/tmp/cctyWl1w.o: In function `main':
/home/motodev/moto-dev/gdb-7.11/sim/arm/conftest.c:77: undefined reference to `dlopen'
collect2: error: ld returned 1 exit status
configure:9322: $? = 1
configure: failed program was:
| /* confdefs.h */
| #define PACKAGE_NAME ""
| #define PACKAGE_TARNAME ""
| #define PACKAGE_VERSION ""
| #define PACKAGE_STRING ""
| #define PACKAGE_BUGREPORT ""
| #define PACKAGE_URL ""
| #define STDC_HEADERS 1
| #define HAVE_SYS_TYPES_H 1
| #define HAVE_SYS_STAT_H 1
| #define HAVE_STDLIB_H 1
| #define HAVE_STRING_H 1
| #define HAVE_MEMORY_H 1
| #define HAVE_STRINGS_H 1
| #define HAVE_INTTYPES_H 1
| #define HAVE_STDINT_H 1
| #define HAVE_UNISTD_H 1
| #define __EXTENSIONS__ 1
| #define _ALL_SOURCE 1
| #define _GNU_SOURCE 1
| #define _POSIX_PTHREAD_SEMANTICS 1
| #define _TANDEM_SOURCE 1
| #define HAVE_DLFCN_H 1
| #define PACKAGE "sim"
| #define ENABLE_NLS 1
| #define HAVE_STDLIB_H 1
| #define HAVE_STRING_H 1
| #define HAVE_STRINGS_H 1
| #define HAVE_UNISTD_H 1
| #define HAVE_TIME_H 1
| #define HAVE_SYS_TIME_H 1
| #define HAVE_SYS_TIMES_H 1
| #define HAVE_SYS_RESOURCE_H 1
| #define HAVE_SYS_MMAN_H 1
| #define HAVE_FCNTL_H 1
| #define HAVE_FPU_CONTROL_H 1
| #define HAVE_DLFCN_H 1
| #define HAVE_ERRNO_H 1
| #define HAVE_SYS_STAT_H 1
| #define HAVE_GETRUSAGE 1
| #define HAVE_TIME 1
| #define HAVE_SIGACTION 1
| #define HAVE_MMAP 1
| #define HAVE_MUNMAP 1
| #define HAVE_LSTAT 1
| #define HAVE_TRUNCATE 1
| #define HAVE_FTRUNCATE 1
| #define HAVE_POSIX_FALLOCATE 1
| #define HAVE_STRUCT_STAT_ST_DEV 1
| #define HAVE_STRUCT_STAT_ST_INO 1
| #define HAVE_STRUCT_STAT_ST_MODE 1
| #define HAVE_STRUCT_STAT_ST_NLINK 1
| #define HAVE_STRUCT_STAT_ST_UID 1
| #define HAVE_STRUCT_STAT_ST_GID 1
| #define HAVE_STRUCT_STAT_ST_RDEV 1
| #define HAVE_STRUCT_STAT_ST_SIZE 1
| #define HAVE_STRUCT_STAT_ST_BLKSIZE 1
| #define HAVE_STRUCT_STAT_ST_BLOCKS 1
| #define HAVE_STRUCT_STAT_ST_ATIME 1
| #define HAVE_STRUCT_STAT_ST_MTIME 1
| #define HAVE_STRUCT_STAT_ST_CTIME 1
| #define HAVE_SOCKLEN_T 1
| #define HAVE_LIBNSL 1
| #define HAVE_DLFCN_H 1
| /* end confdefs.h.  */
| 
| /* Override any GCC internal prototype to avoid an error.
|    Use char because int might match the return type of a GCC
|    builtin and then its argument prototype would still apply.  */
| #ifdef __cplusplus
| extern "C"
| #endif
| char dlopen ();
| int
| main ()
| {
| return dlopen ();
|   ;
|   return 0;
| }
configure:9322: gcc -o conftest -g -O2  -static-libstdc++ -static-libgcc  conftest.c -ldl  -lnsl  >&5
configure:9322: $? = 0
configure:9339: result: -ldl
configure:9532: checking for objdir
configure:9547: result: .libs
configure:9818: checking if gcc supports -fno-rtti -fno-exceptions
configure:9836: gcc -c -g -O2  -fno-rtti -fno-exceptions conftest.c >&5
cc1: warning: command line option '-fno-rtti' is valid for C++/ObjC++ but not for C
configure:9840: $? = 0
configure:9853: result: no
configure:9873: checking for gcc option to produce PIC
configure:10159: result: -fPIC -DPIC
configure:10171: checking if gcc PIC flag -fPIC -DPIC works
configure:10189: gcc -c -g -O2  -fPIC -DPIC -DPIC conftest.c >&5
configure:10193: $? = 0
configure:10206: result: yes
configure:10230: checking if gcc static flag -static works
configure:10258: result: yes
configure:10273: checking if gcc supports -c -o file.o
configure:10294: gcc -c -g -O2  -o out/conftest2.o conftest.c >&5
configure:10298: $? = 0
configure:10320: result: yes
configure:10328: checking if gcc supports -c -o file.o
configure:10375: result: yes
configure:10408: checking whether the gcc linker (ld -m elf_x86_64) supports shared libraries
configure:11479: result: yes
configure:11516: checking whether -lc should be explicitly linked in
configure:11524: gcc -c -g -O2  conftest.c >&5
configure:11527: $? = 0
configure:11542: gcc -shared  -fPIC -DPIC conftest.o  -v -Wl,-soname -Wl,conftest -o conftest 2\>\&1 \| /bin/grep  -lc  \>/dev/null 2\>\&1
configure:11545: $? = 0
configure:11559: result: no
configure:11724: checking dynamic linker characteristics
configure:12175: gcc -o conftest -g -O2  -static-libstdc++ -static-libgcc  -Wl,-rpath -Wl,/foo conftest.c -ldl -lnsl  >&5
configure:12175: $? = 0
configure:12397: result: GNU/Linux ld.so
configure:12504: checking how to hardcode library paths into programs
configure:12529: result: immediate
configure:12623: checking for shl_load
configure:12623: gcc -o conftest -g -O2  -static-libstdc++ -static-libgcc  conftest.c -ldl -lnsl  >&5
/tmp/ccfSEkIm.o: In function `main':
/home/motodev/moto-dev/gdb-7.11/sim/arm/conftest.c:101: undefined reference to `shl_load'
collect2: error: ld returned 1 exit status
configure:12623: $? = 1
configure: failed program was:
| /* confdefs.h */
| #define PACKAGE_NAME ""
| #define PACKAGE_TARNAME ""
| #define PACKAGE_VERSION ""
| #define PACKAGE_STRING ""
| #define PACKAGE_BUGREPORT ""
| #define PACKAGE_URL ""
| #define STDC_HEADERS 1
| #define HAVE_SYS_TYPES_H 1
| #define HAVE_SYS_STAT_H 1
| #define HAVE_STDLIB_H 1
| #define HAVE_STRING_H 1
| #define HAVE_MEMORY_H 1
| #define HAVE_STRINGS_H 1
| #define HAVE_INTTYPES_H 1
| #define HAVE_STDINT_H 1
| #define HAVE_UNISTD_H 1
| #define __EXTENSIONS__ 1
| #define _ALL_SOURCE 1
| #define _GNU_SOURCE 1
| #define _POSIX_PTHREAD_SEMANTICS 1
| #define _TANDEM_SOURCE 1
| #define HAVE_DLFCN_H 1
| #define PACKAGE "sim"
| #define ENABLE_NLS 1
| #define HAVE_STDLIB_H 1
| #define HAVE_STRING_H 1
| #define HAVE_STRINGS_H 1
| #define HAVE_UNISTD_H 1
| #define HAVE_TIME_H 1
| #define HAVE_SYS_TIME_H 1
| #define HAVE_SYS_TIMES_H 1
| #define HAVE_SYS_RESOURCE_H 1
| #define HAVE_SYS_MMAN_H 1
| #define HAVE_FCNTL_H 1
| #define HAVE_FPU_CONTROL_H 1
| #define HAVE_DLFCN_H 1
| #define HAVE_ERRNO_H 1
| #define HAVE_SYS_STAT_H 1
| #define HAVE_GETRUSAGE 1
| #define HAVE_TIME 1
| #define HAVE_SIGACTION 1
| #define HAVE_MMAP 1
| #define HAVE_MUNMAP 1
| #define HAVE_LSTAT 1
| #define HAVE_TRUNCATE 1
| #define HAVE_FTRUNCATE 1
| #define HAVE_POSIX_FALLOCATE 1
| #define HAVE_STRUCT_STAT_ST_DEV 1
| #define HAVE_STRUCT_STAT_ST_INO 1
| #define HAVE_STRUCT_STAT_ST_MODE 1
| #define HAVE_STRUCT_STAT_ST_NLINK 1
| #define HAVE_STRUCT_STAT_ST_UID 1
| #define HAVE_STRUCT_STAT_ST_GID 1
| #define HAVE_STRUCT_STAT_ST_RDEV 1
| #define HAVE_STRUCT_STAT_ST_SIZE 1
| #define HAVE_STRUCT_STAT_ST_BLKSIZE 1
| #define HAVE_STRUCT_STAT_ST_BLOCKS 1
| #define HAVE_STRUCT_STAT_ST_ATIME 1
| #define HAVE_STRUCT_STAT_ST_MTIME 1
| #define HAVE_STRUCT_STAT_ST_CTIME 1
| #define HAVE_SOCKLEN_T 1
| #define HAVE_LIBNSL 1
| #define HAVE_DLFCN_H 1
| #define LT_OBJDIR ".libs/"
| /* end confdefs.h.  */
| /* Define shl_load to an innocuous variant, in case <limits.h> declares shl_load.
|    For example, HP-UX 11i <limits.h> declares gettimeofday.  */
| #define shl_load innocuous_shl_load
| 
| /* System header to define __stub macros and hopefully few prototypes,
|     which can conflict with char shl_load (); below.
|     Prefer <limits.h> to <assert.h> if __STDC__ is defined, since
|     <limits.h> exists even on freestanding compilers.  */
| 
| #ifdef __STDC__
| # include <limits.h>
| #else
| # include <assert.h>
| #endif
| 
| #undef shl_load
| 
| /* Override any GCC internal prototype to avoid an error.
|    Use char because int might match the return type of a GCC
|    builtin and then its argument prototype would still apply.  */
| #ifdef __cplusplus
| extern "C"
| #endif
| char shl_load ();
| /* The GNU C library defines this for functions which it implements
|     to always fail with ENOSYS.  Some functions are actually named
|     something starting with __ and the normal name is an alias.  */
| #if defined __stub_shl_load || defined __stub___shl_load
| choke me
| #endif
| 
| int
| main ()
| {
| return shl_load ();
|   ;
|   return 0;
| }
configure:12623: result: no
configure:12627: checking for shl_load in -ldld
configure:12652: gcc -o conftest -g -O2  -static-libstdc++ -static-libgcc  conftest.c -ldld  -ldl -lnsl  >&5
/usr/bin/ld: cannot find -ldld
collect2: error: ld returned 1 exit status
configure:12652: $? = 1
configure: failed program was:
| /* confdefs.h */
| #define PACKAGE_NAME ""
| #define PACKAGE_TARNAME ""
| #define PACKAGE_VERSION ""
| #define PACKAGE_STRING ""
| #define PACKAGE_BUGREPORT ""
| #define PACKAGE_URL ""
| #define STDC_HEADERS 1
| #define HAVE_SYS_TYPES_H 1
| #define HAVE_SYS_STAT_H 1
| #define HAVE_STDLIB_H 1
| #define HAVE_STRING_H 1
| #define HAVE_MEMORY_H 1
| #define HAVE_STRINGS_H 1
| #define HAVE_INTTYPES_H 1
| #define HAVE_STDINT_H 1
| #define HAVE_UNISTD_H 1
| #define __EXTENSIONS__ 1
| #define _ALL_SOURCE 1
| #define _GNU_SOURCE 1
| #define _POSIX_PTHREAD_SEMANTICS 1
| #define _TANDEM_SOURCE 1
| #define HAVE_DLFCN_H 1
| #define PACKAGE "sim"
| #define ENABLE_NLS 1
| #define HAVE_STDLIB_H 1
| #define HAVE_STRING_H 1
| #define HAVE_STRINGS_H 1
| #define HAVE_UNISTD_H 1
| #define HAVE_TIME_H 1
| #define HAVE_SYS_TIME_H 1
| #define HAVE_SYS_TIMES_H 1
| #define HAVE_SYS_RESOURCE_H 1
| #define HAVE_SYS_MMAN_H 1
| #define HAVE_FCNTL_H 1
| #define HAVE_FPU_CONTROL_H 1
| #define HAVE_DLFCN_H 1
| #define HAVE_ERRNO_H 1
| #define HAVE_SYS_STAT_H 1
| #define HAVE_GETRUSAGE 1
| #define HAVE_TIME 1
| #define HAVE_SIGACTION 1
| #define HAVE_MMAP 1
| #define HAVE_MUNMAP 1
| #define HAVE_LSTAT 1
| #define HAVE_TRUNCATE 1
| #define HAVE_FTRUNCATE 1
| #define HAVE_POSIX_FALLOCATE 1
| #define HAVE_STRUCT_STAT_ST_DEV 1
| #define HAVE_STRUCT_STAT_ST_INO 1
| #define HAVE_STRUCT_STAT_ST_MODE 1
| #define HAVE_STRUCT_STAT_ST_NLINK 1
| #define HAVE_STRUCT_STAT_ST_UID 1
| #define HAVE_STRUCT_STAT_ST_GID 1
| #define HAVE_STRUCT_STAT_ST_RDEV 1
| #define HAVE_STRUCT_STAT_ST_SIZE 1
| #define HAVE_STRUCT_STAT_ST_BLKSIZE 1
| #define HAVE_STRUCT_STAT_ST_BLOCKS 1
| #define HAVE_STRUCT_STAT_ST_ATIME 1
| #define HAVE_STRUCT_STAT_ST_MTIME 1
| #define HAVE_STRUCT_STAT_ST_CTIME 1
| #define HAVE_SOCKLEN_T 1
| #define HAVE_LIBNSL 1
| #define HAVE_DLFCN_H 1
| #define LT_OBJDIR ".libs/"
| /* end confdefs.h.  */
| 
| /* Override any GCC internal prototype to avoid an error.
|    Use char because int might match the return type of a GCC
|    builtin and then its argument prototype would still apply.  */
| #ifdef __cplusplus
| extern "C"
| #endif
| char shl_load ();
| int
| main ()
| {
| return shl_load ();
|   ;
|   return 0;
| }
configure:12661: result: no
configure:12666: checking for dlopen
configure:12666: gcc -o conftest -g -O2  -static-libstdc++ -static-libgcc  conftest.c -ldl -lnsl  >&5
configure:12666: $? = 0
configure:12666: result: yes
configure:12823: checking whether a program can dlopen itself
configure:12903: gcc -o conftest -g -O2  -DHAVE_DLFCN_H -static-libstdc++ -static-libgcc  -Wl,--export-dynamic conftest.c  -ldl -lnsl  >&5
configure:12906: $? = 0
configure:12924: result: yes
configure:12929: checking whether a statically linked program can dlopen itself
configure:13009: gcc -o conftest -g -O2  -DHAVE_DLFCN_H -static-libstdc++ -static-libgcc  -Wl,--export-dynamic -static conftest.c  -ldl -lnsl  >&5
/tmp/ccfCnSSU.o: In function `main':
/home/motodev/moto-dev/gdb-7.11/sim/arm/configure:12989: warning: Using 'dlopen' in statically linked applications requires at runtime the shared libraries from the glibc version used for linking
/usr/bin/ld: dynamic STT_GNU_IFUNC symbol `strcmp' with pointer equality in `/usr/lib/gcc/x86_64-linux-gnu/5/../../../x86_64-linux-gnu/libc.a(strcmp.o)' can not be used when making an executable; recompile with -fPIE and relink with -pie
collect2: error: ld returned 1 exit status
configure:13012: $? = 1
configure:13030: result: no
configure:13069: checking whether stripping libraries is possible
configure:13074: result: yes
configure:13109: checking if libtool supports shared libraries
configure:13111: result: yes
configure:13114: checking whether to build shared libraries
configure:13135: result: yes
configure:13138: checking whether to build static libraries
configure:13142: result: yes
configure:13184: checking whether to enable maintainer-specific portions of Makefiles
configure:13193: result: no
configure:13208: checking for sim debug setting
configure:13231: result: 0
configure:13235: checking for sim stdio debug behavior
configure:13251: result: 0
configure:13255: checking for sim trace settings
configure:13282: result: ~TRACE_debug
configure:13286: checking for sim profile settings
configure:13320: result: -1
configure:13325: checking whether to enable sim asserts
configure:13341: result: 1
configure:13345: checking default sim environment setting
configure:13363: result: ALL_ENVIRONMENT
configure:13453: checking return type of signal handlers
configure:13471: gcc -c -g -O2  conftest.c >&5
conftest.c: In function 'main':
conftest.c:82:9: error: void value not ignored as it ought to be
 return *(signal (0, 0)) (0) == 1;
         ^
configure:13471: $? = 1
configure: failed program was:
| /* confdefs.h */
| #define PACKAGE_NAME ""
| #define PACKAGE_TARNAME ""
| #define PACKAGE_VERSION ""
| #define PACKAGE_STRING ""
| #define PACKAGE_BUGREPORT ""
| #define PACKAGE_URL ""
| #define STDC_HEADERS 1
| #define HAVE_SYS_TYPES_H 1
| #define HAVE_SYS_STAT_H 1
| #define HAVE_STDLIB_H 1
| #define HAVE_STRING_H 1
| #define HAVE_MEMORY_H 1
| #define HAVE_STRINGS_H 1
| #define HAVE_INTTYPES_H 1
| #define HAVE_STDINT_H 1
| #define HAVE_UNISTD_H 1
| #define __EXTENSIONS__ 1
| #define _ALL_SOURCE 1
| #define _GNU_SOURCE 1
| #define _POSIX_PTHREAD_SEMANTICS 1
| #define _TANDEM_SOURCE 1
| #define HAVE_DLFCN_H 1
| #define PACKAGE "sim"
| #define ENABLE_NLS 1
| #define HAVE_STDLIB_H 1
| #define HAVE_STRING_H 1
| #define HAVE_STRINGS_H 1
| #define HAVE_UNISTD_H 1
| #define HAVE_TIME_H 1
| #define HAVE_SYS_TIME_H 1
| #define HAVE_SYS_TIMES_H 1
| #define HAVE_SYS_RESOURCE_H 1
| #define HAVE_SYS_MMAN_H 1
| #define HAVE_FCNTL_H 1
| #define HAVE_FPU_CONTROL_H 1
| #define HAVE_DLFCN_H 1
| #define HAVE_ERRNO_H 1
| #define HAVE_SYS_STAT_H 1
| #define HAVE_GETRUSAGE 1
| #define HAVE_TIME 1
| #define HAVE_SIGACTION 1
| #define HAVE_MMAP 1
| #define HAVE_MUNMAP 1
| #define HAVE_LSTAT 1
| #define HAVE_TRUNCATE 1
| #define HAVE_FTRUNCATE 1
| #define HAVE_POSIX_FALLOCATE 1
| #define HAVE_STRUCT_STAT_ST_DEV 1
| #define HAVE_STRUCT_STAT_ST_INO 1
| #define HAVE_STRUCT_STAT_ST_MODE 1
| #define HAVE_STRUCT_STAT_ST_NLINK 1
| #define HAVE_STRUCT_STAT_ST_UID 1
| #define HAVE_STRUCT_STAT_ST_GID 1
| #define HAVE_STRUCT_STAT_ST_RDEV 1
| #define HAVE_STRUCT_STAT_ST_SIZE 1
| #define HAVE_STRUCT_STAT_ST_BLKSIZE 1
| #define HAVE_STRUCT_STAT_ST_BLOCKS 1
| #define HAVE_STRUCT_STAT_ST_ATIME 1
| #define HAVE_STRUCT_STAT_ST_MTIME 1
| #define HAVE_STRUCT_STAT_ST_CTIME 1
| #define HAVE_SOCKLEN_T 1
| #define HAVE_LIBNSL 1
| #define HAVE_DLFCN_H 1
| #define LT_OBJDIR ".libs/"
| #define WITH_DEBUG 0
| #define WITH_STDIO 0
| #define WITH_TRACE ~TRACE_debug
| #define PROFILE 1
| #define WITH_PROFILE -1
| #define WITH_ASSERT 1
| #define WITH_ENVIRONMENT ALL_ENVIRONMENT
| #define PKGVERSION "(SIM) "
| #define REPORT_BUGS_TO "<http://www.gnu.org/software/gdb/bugs/>"
| /* end confdefs.h.  */
| #include <sys/types.h>
| #include <signal.h>
| 
| int
| main ()
| {
| return *(signal (0, 0)) (0) == 1;
|   ;
|   return 0;
| }
configure:13478: result: void
configure:13652: checking compiler warning flags
configure:13673: gcc -c -g -O2 -Wall  conftest.c >&5
configure:13673: $? = 0
configure:13673: gcc -c -g -O2 -Wdeclaration-after-statement  conftest.c >&5
configure:13673: $? = 0
configure:13673: gcc -c -g -O2 -Wpointer-arith  conftest.c >&5
configure:13673: $? = 0
configure:13673: gcc -c -g -O2 -Wpointer-sign  conftest.c >&5
configure:13673: $? = 0
configure:13673: gcc -c -g -O2 -Wno-unused  conftest.c >&5
configure:13673: $? = 0
configure:13673: gcc -c -g -O2 -Wunused-value  conftest.c >&5
configure:13673: $? = 0
configure:13673: gcc -c -g -O2 -Wunused-function  conftest.c >&5
configure:13673: $? = 0
configure:13673: gcc -c -g -O2 -Wno-switch  conftest.c >&5
configure:13673: $? = 0
configure:13673: gcc -c -g -O2 -Wno-char-subscripts  conftest.c >&5
configure:13673: $? = 0
configure:13673: gcc -c -g -O2 -Wmissing-prototypes  conftest.c >&5
configure:13673: $? = 0
configure:13673: gcc -c -g -O2 -Wdeclaration-after-statement  conftest.c >&5
configure:13673: $? = 0
configure:13673: gcc -c -g -O2 -Wempty-body  conftest.c >&5
configure:13673: $? = 0
configure:13673: gcc -c -g -O2 -Wmissing-parameter-type  conftest.c >&5
configure:13673: $? = 0
configure:13673: gcc -c -g -O2 -Wold-style-declaration  conftest.c >&5
configure:13673: $? = 0
configure:13673: gcc -c -g -O2 -Wold-style-definition  conftest.c >&5
conftest.c: In function 'main':
conftest.c:79:1: warning: old-style function definition [-Wold-style-definition]
 main ()
 ^
configure:13673: $? = 0
configure:13673: gcc -c -g -O2 -Wformat-nonliteral  conftest.c >&5
configure:13673: $? = 0
configure:13680: result:  -Wall -Wdeclaration-after-statement -Wpointer-arith -Wpointer-sign -Wno-unused -Wunused-value -Wunused-function -Wno-switch -Wno-char-subscripts -Wmissing-prototypes -Wdeclaration-after-statement -Wempty-body -Wmissing-parameter-type -Wold-style-declaration -Wold-style-definition -Wformat-nonliteral 
configure:13766: updating cache .././config.cache
configure:13816: creating ./config.status

## ---------------------- ##
## Running config.status. ##
## ---------------------- ##

This file was extended by config.status, which was
generated by GNU Autoconf 2.64.  Invocation command line was

  CONFIG_FILES    = 
  CONFIG_HEADERS  = 
  CONFIG_LINKS    = 
  CONFIG_COMMANDS = 
  $ ./config.status 

on motodev-VirtualBox

config.status:1141: creating Makefile.sim
config.status:1141: creating Make-common.sim
config.status:1141: creating .gdbinit
config.status:1141: creating config.h
config.status:1321: executing depdir commands
config.status:1321: executing libtool commands
config.status:1321: executing Makefile commands
config.status:1321: executing stamp-h commands

## ---------------- ##
## Cache variables. ##
## ---------------- ##

ac_cv_build=x86_64-pc-linux-gnu
ac_cv_c_bigendian=no
ac_cv_c_compiler_gnu=yes
ac_cv_env_CC_set=set
ac_cv_env_CC_value=gcc
ac_cv_env_CFLAGS_set=set
ac_cv_env_CFLAGS_value='-g -O2'
ac_cv_env_CPPFLAGS_set=
ac_cv_env_CPPFLAGS_value=
ac_cv_env_CPP_set=
ac_cv_env_CPP_value=
ac_cv_env_LDFLAGS_set=set
ac_cv_env_LDFLAGS_value='-static-libstdc++ -static-libgcc '
ac_cv_env_LIBS_set=
ac_cv_env_LIBS_value=
ac_cv_env_build_alias_set=set
ac_cv_env_build_alias_value=x86_64-pc-linux-gnu
ac_cv_env_host_alias_set=set
ac_cv_env_host_alias_value=x86_64-pc-linux-gnu
ac_cv_env_target_alias_set=set
ac_cv_env_target_alias_value=arm-none-eabi
ac_cv_func___setfpucw=no
ac_cv_func_dlopen=yes
ac_cv_func_ftruncate=yes
ac_cv_func_getrusage=yes
ac_cv_func_lstat=yes
ac_cv_func_mmap=yes
ac_cv_func_munmap=yes
ac_cv_func_posix_fallocate=yes
ac_cv_func_shl_load=no
ac_cv_func_sigaction=yes
ac_cv_func_time=yes
ac_cv_func_truncate=yes
ac_cv_header_dlfcn_h=yes
ac_cv_header_errno_h=yes
ac_cv_header_fcntl_h=yes
ac_cv_header_fpu_control_h=yes
ac_cv_header_inttypes_h=yes
ac_cv_header_memory_h=yes
ac_cv_header_minix_config_h=no
ac_cv_header_stdc=yes
ac_cv_header_stdint_h=yes
ac_cv_header_stdlib_h=yes
ac_cv_header_string_h=yes
ac_cv_header_strings_h=yes
ac_cv_header_sys_mman_h=yes
ac_cv_header_sys_resource_h=yes
ac_cv_header_sys_stat_h=yes
ac_cv_header_sys_time_h=yes
ac_cv_header_sys_times_h=yes
ac_cv_header_sys_types_h=yes
ac_cv_header_time_h=yes
ac_cv_header_unistd_h=yes
ac_cv_header_windows_h=no
ac_cv_host=x86_64-pc-linux-gnu
ac_cv_lib_dld_shl_load=no
ac_cv_lib_nsl_gethostbyname=yes
ac_cv_lib_socket_bind=no
ac_cv_member_struct_stat_st_atime=yes
ac_cv_member_struct_stat_st_blksize=yes
ac_cv_member_struct_stat_st_blocks=yes
ac_cv_member_struct_stat_st_ctime=yes
ac_cv_member_struct_stat_st_dev=yes
ac_cv_member_struct_stat_st_gid=yes
ac_cv_member_struct_stat_st_ino=yes
ac_cv_member_struct_stat_st_mode=yes
ac_cv_member_struct_stat_st_mtime=yes
ac_cv_member_struct_stat_st_nlink=yes
ac_cv_member_struct_stat_st_rdev=yes
ac_cv_member_struct_stat_st_size=yes
ac_cv_member_struct_stat_st_uid=yes
ac_cv_objext=o
ac_cv_path_EGREP='/bin/grep -E'
ac_cv_path_FGREP='/bin/grep -F'
ac_cv_path_GREP=/bin/grep
ac_cv_path_SED=/bin/sed
ac_cv_prog_AR=ar
ac_cv_prog_AWK=mawk
ac_cv_prog_CC=gcc
ac_cv_prog_CPP='gcc -E'
ac_cv_prog_MAKE=make
ac_cv_prog_OBJDUMP=objdump
ac_cv_prog_RANLIB=ranlib
ac_cv_prog_ac_ct_STRIP=strip
ac_cv_prog_cc_c89=
ac_cv_prog_cc_g=yes
ac_cv_safe_to_define___extensions__=yes
ac_cv_search_dlopen=-ldl
ac_cv_target=arm-none-eabi
ac_cv_type_signal=void
ac_cv_type_socklen_t=yes
am_cv_CC_dependencies_compiler_type=gcc3
lt_cv_archive_cmds_need_lc=no
lt_cv_deplibs_check_method=pass_all
lt_cv_dlopen=dlopen
lt_cv_dlopen_libs=
lt_cv_dlopen_self=yes
lt_cv_dlopen_self_static=no
lt_cv_file_magic_cmd='$MAGIC_CMD'
lt_cv_file_magic_test_file=
lt_cv_ld_reload_flag=-r
lt_cv_nm_interface='BSD nm'
lt_cv_objdir=.libs
lt_cv_path_LD=ld
lt_cv_path_NM=nm
lt_cv_prog_compiler_c_o=yes
lt_cv_prog_compiler_pic_works=yes
lt_cv_prog_compiler_rtti_exceptions=no
lt_cv_prog_compiler_static_works=yes
lt_cv_prog_gnu_ld=yes
lt_cv_shlibpath_overrides_runpath=no
lt_cv_sys_global_symbol_pipe='sed -n -e '\''s/^.*[	 ]\([ABCDGIRSTW][ABCDGIRSTW]*\)[	 ][	 ]*\([_A-Za-z][_A-Za-z0-9]*\)$/\1 \2 \2/p'\'''
lt_cv_sys_global_symbol_to_c_name_address='sed -n -e '\''s/^: \([^ ]*\) $/  {\"\1\", (void *) 0},/p'\'' -e '\''s/^[ABCDGIRSTW]* \([^ ]*\) \([^ ]*\)$/  {"\2", (void *) \&\2},/p'\'''
lt_cv_sys_global_symbol_to_c_name_address_lib_prefix='sed -n -e '\''s/^: \([^ ]*\) $/  {\"\1\", (void *) 0},/p'\'' -e '\''s/^[ABCDGIRSTW]* \([^ ]*\) \(lib[^ ]*\)$/  {"\2", (void *) \&\2},/p'\'' -e '\''s/^[ABCDGIRSTW]* \([^ ]*\) \([^ ]*\)$/  {"lib\2", (void *) \&\2},/p'\'''
lt_cv_sys_global_symbol_to_cdecl='sed -n -e '\''s/^T .* \(.*\)$/extern int \1();/p'\'' -e '\''s/^[ABCDGIRSTW]* .* \(.*\)$/extern char \1;/p'\'''
lt_cv_sys_max_cmd_len=1572864

## ----------------- ##
## Output variables. ##
## ----------------- ##

AR='ar'
AWK='mawk'
CATALOGS=''
CATOBJEXT='.gmo'
CC='gcc'
CCDEPMODE='depmode=gcc3'
CC_FOR_BUILD='$(CC)'
CFLAGS='-g -O2'
CPP='gcc -E'
CPPFLAGS=''
DATADIRNAME='share'
DEFS='-DHAVE_CONFIG_H'
DEPDIR='.deps'
DSYMUTIL=''
DUMPBIN=''
ECHO_C=''
ECHO_N='-n'
ECHO_T=''
EGREP='/bin/grep -E'
EXEEXT=''
FGREP='/bin/grep -F'
GENCAT='gencat'
GMAKE_FALSE='#'
GMAKE_TRUE=''
GMSGFMT='/usr/bin/msgfmt'
GREP='/bin/grep'
HDEFINES=''
INCINTL=''
INSTALL_DATA='/usr/bin/install -c -m 644'
INSTALL_PROGRAM='/usr/bin/install -c'
INSTALL_SCRIPT='/usr/bin/install -c'
INSTOBJEXT='.mo'
LD='ld -m elf_x86_64'
LDFLAGS='-static-libstdc++ -static-libgcc '
LIBINTL=''
LIBINTL_DEP=''
LIBOBJS=''
LIBS='-ldl -lnsl '
LIBTOOL='$(SHELL) $(top_builddir)/libtool'
LIPO=''
LN_S='ln -s'
LTLIBOBJS=''
MAINT='#'
MAINTAINER_MODE_FALSE=''
MAINTAINER_MODE_TRUE='#'
MAKE='make'
NM='nm'
NMEDIT=''
OBJDUMP='objdump'
OBJEXT='o'
OTOOL64=''
OTOOL=''
PACKAGE='sim'
PACKAGE_BUGREPORT=''
PACKAGE_NAME=''
PACKAGE_STRING=''
PACKAGE_TARNAME=''
PACKAGE_URL=''
PACKAGE_VERSION=''
PATH_SEPARATOR=':'
PKGVERSION='(SIM) '
PLUGINS_FALSE='#'
PLUGINS_TRUE=''
POSUB='po'
RANLIB='ranlib'
REPORT_BUGS_TEXI='@uref{http://www.gnu.org/software/gdb/bugs/}'
REPORT_BUGS_TO='<http://www.gnu.org/software/gdb/bugs/>'
SED='/bin/sed'
SHELL='/bin/bash'
STRIP='strip'
USE_NLS='yes'
WARN_CFLAGS=' -Wall -Wdeclaration-after-statement -Wpointer-arith -Wpointer-sign -Wno-unused -Wunused-value -Wunused-function -Wno-switch -Wno-char-subscripts -Wmissing-prototypes -Wdeclaration-after-statement -Wempty-body -Wmissing-parameter-type -Wold-style-declaration -Wold-style-definition -Wformat-nonliteral'
WERROR_CFLAGS=''
XGETTEXT='/usr/bin/xgettext'
ac_ct_CC=''
ac_ct_DUMPBIN=''
am__leading_dot='.'
bindir='${exec_prefix}/bin'
build='x86_64-pc-linux-gnu'
build_alias='x86_64-pc-linux-gnu'
build_cpu='x86_64'
build_os='linux-gnu'
build_vendor='pc'
cgen_breaks=''
datadir='${datarootdir}'
datarootdir='${prefix}/share'
docdir='${datarootdir}/doc/${PACKAGE}'
dvidir='${docdir}'
exec_prefix='${prefix}'
host='x86_64-pc-linux-gnu'
host_alias='x86_64-pc-linux-gnu'
host_cpu='x86_64'
host_os='linux-gnu'
host_vendor='pc'
htmldir='${docdir}'
includedir='${prefix}/include'
infodir='${datarootdir}/info'
libdir='${exec_prefix}/lib'
libexecdir='${exec_prefix}/libexec'
localedir='${datarootdir}/locale'
localstatedir='${prefix}/var'
lt_cv_dlopen_libs=''
mandir='${datarootdir}/man'
oldincludedir='/usr/include'
pdfdir='${docdir}'
prefix='/usr/local'
program_transform_name='s&^&arm-none-eabi-&'
psdir='${docdir}'
sbindir='${exec_prefix}/sbin'
sharedstatedir='${prefix}/com'
sim_alignment='-DWITH_DEFAULT_ALIGNMENT=STRICT_ALIGNMENT'
sim_bitsize=''
sim_default_model=''
sim_endian=''
sim_float=''
sim_hw=''
sim_hw_cflags=''
sim_hw_objs=''
sim_inline='-DDEFAULT_INLINE=0'
sim_reserved_bits=''
sim_scache=''
sysconfdir='${prefix}/etc'
target='arm-none-eabi'
target_alias='arm-none-eabi'
target_cpu='arm'
target_os='eabi'
target_vendor='none'
zlibdir='-L$(top_builddir)/../zlib'
zlibinc='-I$(top_srcdir)/../zlib'

## ----------- ##
## confdefs.h. ##
## ----------- ##

/* confdefs.h */
#define PACKAGE_NAME ""
#define PACKAGE_TARNAME ""
#define PACKAGE_VERSION ""
#define PACKAGE_STRING ""
#define PACKAGE_BUGREPORT ""
#define PACKAGE_URL ""
#define STDC_HEADERS 1
#define HAVE_SYS_TYPES_H 1
#define HAVE_SYS_STAT_H 1
#define HAVE_STDLIB_H 1
#define HAVE_STRING_H 1
#define HAVE_MEMORY_H 1
#define HAVE_STRINGS_H 1
#define HAVE_INTTYPES_H 1
#define HAVE_STDINT_H 1
#define HAVE_UNISTD_H 1
#define __EXTENSIONS__ 1
#define _ALL_SOURCE 1
#define _GNU_SOURCE 1
#define _POSIX_PTHREAD_SEMANTICS 1
#define _TANDEM_SOURCE 1
#define HAVE_DLFCN_H 1
#define PACKAGE "sim"
#define ENABLE_NLS 1
#define HAVE_STDLIB_H 1
#define HAVE_STRING_H 1
#define HAVE_STRINGS_H 1
#define HAVE_UNISTD_H 1
#define HAVE_TIME_H 1
#define HAVE_SYS_TIME_H 1
#define HAVE_SYS_TIMES_H 1
#define HAVE_SYS_RESOURCE_H 1
#define HAVE_SYS_MMAN_H 1
#define HAVE_FCNTL_H 1
#define HAVE_FPU_CONTROL_H 1
#define HAVE_DLFCN_H 1
#define HAVE_ERRNO_H 1
#define HAVE_SYS_STAT_H 1
#define HAVE_GETRUSAGE 1
#define HAVE_TIME 1
#define HAVE_SIGACTION 1
#define HAVE_MMAP 1
#define HAVE_MUNMAP 1
#define HAVE_LSTAT 1
#define HAVE_TRUNCATE 1
#define HAVE_FTRUNCATE 1
#define HAVE_POSIX_FALLOCATE 1
#define HAVE_STRUCT_STAT_ST_DEV 1
#define HAVE_STRUCT_STAT_ST_INO 1
#define HAVE_STRUCT_STAT_ST_MODE 1
#define HAVE_STRUCT_STAT_ST_NLINK 1
#define HAVE_STRUCT_STAT_ST_UID 1
#define HAVE_STRUCT_STAT_ST_GID 1
#define HAVE_STRUCT_STAT_ST_RDEV 1
#define HAVE_STRUCT_STAT_ST_SIZE 1
#define HAVE_STRUCT_STAT_ST_BLKSIZE 1
#define HAVE_STRUCT_STAT_ST_BLOCKS 1
#define HAVE_STRUCT_STAT_ST_ATIME 1
#define HAVE_STRUCT_STAT_ST_MTIME 1
#define HAVE_STRUCT_STAT_ST_CTIME 1
#define HAVE_SOCKLEN_T 1
#define HAVE_LIBNSL 1
#define HAVE_DLFCN_H 1
#define LT_OBJDIR ".libs/"
#define WITH_DEBUG 0
#define WITH_STDIO 0
#define WITH_TRACE ~TRACE_debug
#define PROFILE 1
#define WITH_PROFILE -1
#define WITH_ASSERT 1
#define WITH_ENVIRONMENT ALL_ENVIRONMENT
#define PKGVERSION "(SIM) "
#define REPORT_BUGS_TO "<http://www.gnu.org/software/gdb/bugs/>"
#define RETSIGTYPE void

configure: exit 0
